<?xml version="1.0" encoding="UTF-8"?>
<testsuites name="jest tests" tests="22" failures="5" errors="0" time="6.823">
  <testsuite name="Schema Regression Tests" errors="0" failures="4" skipped="0" timestamp="2026-01-30T10:43:25" time="5.446" tests="13">
    <testcase classname="Schema Regression Tests › Coverage Analysis" name="should ensure all database tables have tests" time="0.01">
    </testcase>
    <testcase classname="Schema Regression Tests › Coverage Analysis" name="should have schema files for all tested tables" time="0.021">
      <failure>Error: expect(received).resolves.not.toThrow()

Received promise rejected instead of resolved
Rejected to value: [Error: SASL: SCRAM-SERVER-FIRST-MESSAGE: client password must be a string]
    at expect (/home/hbelkassim/dev/ginutech/web_dev/event-planner-saas/event-planner-backend/event-planner-core/node_modules/expect/build/index.js:2116:15)
    at Object.expect (/home/hbelkassim/dev/ginutech/web_dev/event-planner-saas/event-planner-backend/event-planner-core/tests/schema/schemaRegression.test.js:54:15)
    at Promise.finally.completed (/home/hbelkassim/dev/ginutech/web_dev/event-planner-saas/event-planner-backend/event-planner-core/node_modules/jest-circus/build/jestAdapterInit.js:1557:28)
    at new Promise (&lt;anonymous&gt;)
    at callAsyncCircusFn (/home/hbelkassim/dev/ginutech/web_dev/event-planner-saas/event-planner-backend/event-planner-core/node_modules/jest-circus/build/jestAdapterInit.js:1497:10)
    at _callCircusTest (/home/hbelkassim/dev/ginutech/web_dev/event-planner-saas/event-planner-backend/event-planner-core/node_modules/jest-circus/build/jestAdapterInit.js:1007:40)
    at processTicksAndRejections (node:internal/process/task_queues:103:5)
    at _runTest (/home/hbelkassim/dev/ginutech/web_dev/event-planner-saas/event-planner-backend/event-planner-core/node_modules/jest-circus/build/jestAdapterInit.js:947:3)
    at /home/hbelkassim/dev/ginutech/web_dev/event-planner-saas/event-planner-backend/event-planner-core/node_modules/jest-circus/build/jestAdapterInit.js:849:7
    at _runTestsForDescribeBlock (/home/hbelkassim/dev/ginutech/web_dev/event-planner-saas/event-planner-backend/event-planner-core/node_modules/jest-circus/build/jestAdapterInit.js:862:11)
    at _runTestsForDescribeBlock (/home/hbelkassim/dev/ginutech/web_dev/event-planner-saas/event-planner-backend/event-planner-core/node_modules/jest-circus/build/jestAdapterInit.js:857:11)
    at _runTestsForDescribeBlock (/home/hbelkassim/dev/ginutech/web_dev/event-planner-saas/event-planner-backend/event-planner-core/node_modules/jest-circus/build/jestAdapterInit.js:857:11)
    at run (/home/hbelkassim/dev/ginutech/web_dev/event-planner-saas/event-planner-backend/event-planner-core/node_modules/jest-circus/build/jestAdapterInit.js:761:3)
    at runAndTransformResultsToJestFormat (/home/hbelkassim/dev/ginutech/web_dev/event-planner-saas/event-planner-backend/event-planner-core/node_modules/jest-circus/build/jestAdapterInit.js:1918:21)
    at jestAdapter (/home/hbelkassim/dev/ginutech/web_dev/event-planner-saas/event-planner-backend/event-planner-core/node_modules/jest-circus/build/runner.js:101:19)
    at runTestInternal (/home/hbelkassim/dev/ginutech/web_dev/event-planner-saas/event-planner-backend/event-planner-core/node_modules/jest-runner/build/index.js:275:16)
    at runTest (/home/hbelkassim/dev/ginutech/web_dev/event-planner-saas/event-planner-backend/event-planner-core/node_modules/jest-runner/build/index.js:343:7)</failure>
    </testcase>
    <testcase classname="Schema Regression Tests › Coverage Analysis" name="should validate all schemas can generate valid data" time="0.204">
    </testcase>
    <testcase classname="Schema Regression Tests › Schema Consistency" name="should validate database schema consistency" time="0.127">
    </testcase>
    <testcase classname="Schema Regression Tests › Schema Consistency" name="should validate constraint consistency" time="0.135">
    </testcase>
    <testcase classname="Schema Regression Tests › Schema Consistency" name="should validate data type consistency" time="0.128">
    </testcase>
    <testcase classname="Schema Regression Tests › Repository Schema Alignment" name="should validate repository methods match schema" time="0.041">
    </testcase>
    <testcase classname="Schema Regression Tests › Data Generation Regression" name="should consistently generate valid data" time="0.046">
    </testcase>
    <testcase classname="Schema Regression Tests › Data Generation Regression" name="should handle edge cases consistently" time="0.095">
    </testcase>
    <testcase classname="Schema Regression Tests › Performance Regression" name="should maintain acceptable performance for schema operations" time="0.013">
      <failure>Error: SASL: SCRAM-SERVER-FIRST-MESSAGE: client password must be a string
    at /home/hbelkassim/dev/ginutech/web_dev/event-planner-saas/event-planner-backend/event-planner-core/node_modules/pg-pool/index.js:45:11
    at processTicksAndRejections (node:internal/process/task_queues:103:5)
    at SchemaExtractor.extractFromDatabase (/home/hbelkassim/dev/ginutech/web_dev/event-planner-saas/event-planner-backend/event-planner-core/tests/tools/schemaExtractors.js:42:29)
    at SchemaBasedFactory.loadSchema (/home/hbelkassim/dev/ginutech/web_dev/event-planner-saas/event-planner-backend/event-planner-core/tests/factories/schemaBasedFactory.js:95:24)
    at global.ensureSchemaLoaded (/home/hbelkassim/dev/ginutech/web_dev/event-planner-saas/event-planner-backend/event-planner-core/tests/setup/schemaSetup.js:150:5)
    at Object.&lt;anonymous&gt; (/home/hbelkassim/dev/ginutech/web_dev/event-planner-saas/event-planner-backend/event-planner-core/tests/schema/schemaRegression.test.js:252:9)</failure>
    </testcase>
    <testcase classname="Schema Regression Tests › Performance Regression" name="should maintain acceptable performance for data generation" time="0.017">
      <failure>Error: SASL: SCRAM-SERVER-FIRST-MESSAGE: client password must be a string
    at /home/hbelkassim/dev/ginutech/web_dev/event-planner-saas/event-planner-backend/event-planner-core/node_modules/pg-pool/index.js:45:11
    at processTicksAndRejections (node:internal/process/task_queues:103:5)
    at SchemaExtractor.extractFromDatabase (/home/hbelkassim/dev/ginutech/web_dev/event-planner-saas/event-planner-backend/event-planner-core/tests/tools/schemaExtractors.js:42:29)
    at SchemaBasedFactory.loadSchema (/home/hbelkassim/dev/ginutech/web_dev/event-planner-saas/event-planner-backend/event-planner-core/tests/factories/schemaBasedFactory.js:95:24)
    at SchemaBasedFactory.generate (/home/hbelkassim/dev/ginutech/web_dev/event-planner-saas/event-planner-backend/event-planner-core/tests/factories/schemaBasedFactory.js:78:7)
    at SchemaTestHelper.createValidData (/home/hbelkassim/dev/ginutech/web_dev/event-planner-saas/event-planner-backend/event-planner-core/tests/helpers/schemaTestHelper.js:22:18)
    at Object.&lt;anonymous&gt; (/home/hbelkassim/dev/ginutech/web_dev/event-planner-saas/event-planner-backend/event-planner-core/tests/schema/schemaRegression.test.js:268:9)</failure>
    </testcase>
    <testcase classname="Schema Regression Tests › Performance Regression" name="should maintain acceptable performance for validation" time="0.018">
      <failure>Error: SASL: SCRAM-SERVER-FIRST-MESSAGE: client password must be a string
    at /home/hbelkassim/dev/ginutech/web_dev/event-planner-saas/event-planner-backend/event-planner-core/node_modules/pg-pool/index.js:45:11
    at processTicksAndRejections (node:internal/process/task_queues:103:5)
    at SchemaExtractor.extractFromDatabase (/home/hbelkassim/dev/ginutech/web_dev/event-planner-saas/event-planner-backend/event-planner-core/tests/tools/schemaExtractors.js:42:29)
    at SchemaBasedFactory.loadSchema (/home/hbelkassim/dev/ginutech/web_dev/event-planner-saas/event-planner-backend/event-planner-core/tests/factories/schemaBasedFactory.js:95:24)
    at SchemaBasedFactory.generate (/home/hbelkassim/dev/ginutech/web_dev/event-planner-saas/event-planner-backend/event-planner-core/tests/factories/schemaBasedFactory.js:78:7)
    at SchemaTestHelper.createValidData (/home/hbelkassim/dev/ginutech/web_dev/event-planner-saas/event-planner-backend/event-planner-core/tests/helpers/schemaTestHelper.js:22:18)
    at Object.&lt;anonymous&gt; (/home/hbelkassim/dev/ginutech/web_dev/event-planner-saas/event-planner-backend/event-planner-core/tests/schema/schemaRegression.test.js:285:22)</failure>
    </testcase>
    <testcase classname="Schema Regression Tests › Integration Regression" name="should maintain compatibility with existing tests" time="0.047">
    </testcase>
  </testsuite>
  <testsuite name="Schema Coverage Tests" errors="0" failures="1" skipped="0" timestamp="2026-01-30T10:43:31" time="1.241" tests="9">
    <testcase classname="Schema Coverage Tests › Column Coverage" name="should test all columns for each table" time="0.006">
    </testcase>
    <testcase classname="Schema Coverage Tests › Column Coverage" name="should test all column types" time="0.002">
    </testcase>
    <testcase classname="Schema Coverage Tests › Column Coverage" name="should test column constraints" time="0.004">
    </testcase>
    <testcase classname="Schema Coverage Tests › Data Coverage" name="should generate valid data for all column combinations" time="0.005">
    </testcase>
    <testcase classname="Schema Coverage Tests › Data Coverage" name="should test edge cases for all data types" time="0.004">
    </testcase>
    <testcase classname="Schema Coverage Tests › Constraint Coverage" name="should test all NOT NULL constraints" time="0.002">
    </testcase>
    <testcase classname="Schema Coverage Tests › Constraint Coverage" name="should test all UNIQUE constraints" time="0.004">
    </testcase>
    <testcase classname="Schema Coverage Tests › Constraint Coverage" name="should test all FOREIGN KEY constraints" time="0.006">
    </testcase>
    <testcase classname="Schema Coverage Tests › Coverage Report" name="should generate comprehensive coverage report" time="0.011">
      <failure>Error: expect(received).toBe(expected) // Object.is equality

Expected: 100
Received: 0
    at Object.toBe (/home/hbelkassim/dev/ginutech/web_dev/event-planner-saas/event-planner-backend/event-planner-core/tests/schema/schemaCoverage.test.js:372:46)
    at Promise.finally.completed (/home/hbelkassim/dev/ginutech/web_dev/event-planner-saas/event-planner-backend/event-planner-core/node_modules/jest-circus/build/jestAdapterInit.js:1557:28)
    at new Promise (&lt;anonymous&gt;)
    at callAsyncCircusFn (/home/hbelkassim/dev/ginutech/web_dev/event-planner-saas/event-planner-backend/event-planner-core/node_modules/jest-circus/build/jestAdapterInit.js:1497:10)
    at _callCircusTest (/home/hbelkassim/dev/ginutech/web_dev/event-planner-saas/event-planner-backend/event-planner-core/node_modules/jest-circus/build/jestAdapterInit.js:1007:40)
    at processTicksAndRejections (node:internal/process/task_queues:103:5)
    at _runTest (/home/hbelkassim/dev/ginutech/web_dev/event-planner-saas/event-planner-backend/event-planner-core/node_modules/jest-circus/build/jestAdapterInit.js:947:3)
    at /home/hbelkassim/dev/ginutech/web_dev/event-planner-saas/event-planner-backend/event-planner-core/node_modules/jest-circus/build/jestAdapterInit.js:849:7
    at _runTestsForDescribeBlock (/home/hbelkassim/dev/ginutech/web_dev/event-planner-saas/event-planner-backend/event-planner-core/node_modules/jest-circus/build/jestAdapterInit.js:862:11)
    at _runTestsForDescribeBlock (/home/hbelkassim/dev/ginutech/web_dev/event-planner-saas/event-planner-backend/event-planner-core/node_modules/jest-circus/build/jestAdapterInit.js:857:11)
    at _runTestsForDescribeBlock (/home/hbelkassim/dev/ginutech/web_dev/event-planner-saas/event-planner-backend/event-planner-core/node_modules/jest-circus/build/jestAdapterInit.js:857:11)
    at run (/home/hbelkassim/dev/ginutech/web_dev/event-planner-saas/event-planner-backend/event-planner-core/node_modules/jest-circus/build/jestAdapterInit.js:761:3)
    at runAndTransformResultsToJestFormat (/home/hbelkassim/dev/ginutech/web_dev/event-planner-saas/event-planner-backend/event-planner-core/node_modules/jest-circus/build/jestAdapterInit.js:1918:21)
    at jestAdapter (/home/hbelkassim/dev/ginutech/web_dev/event-planner-saas/event-planner-backend/event-planner-core/node_modules/jest-circus/build/runner.js:101:19)
    at runTestInternal (/home/hbelkassim/dev/ginutech/web_dev/event-planner-saas/event-planner-backend/event-planner-core/node_modules/jest-runner/build/index.js:275:16)
    at runTest (/home/hbelkassim/dev/ginutech/web_dev/event-planner-saas/event-planner-backend/event-planner-core/node_modules/jest-runner/build/index.js:343:7)</failure>
    </testcase>
  </testsuite>
</testsuites>